# JRE version: OpenJDK Runtime Environment (19.0.1+10) (build 19.0.1+10)
# Java VM: OpenJDK 64-Bit Server VM (19.0.1+10, mixed mode, tiered, compressed oops, compressed class ptrs, g1 gc, linux-amd64)
Heap:
 garbage-first heap   total 192512K, used 99403K [0x0000000707c00000, 0x0000000800000000)
  region size 2048K, 32 young (65536K), 2 survivors (4096K)
 Metaspace       used 29505K, committed 29824K, reserved 1114112K
  class space    used 2672K, committed 2816K, reserved 1048576K
GC Heap History (20 events):
Event: 1,630 GC heap before
{Heap before GC invocations=5 (full 0):
 garbage-first heap   total 53248K, used 31036K [0x0000000707c00000, 0x0000000800000000)
  region size 2048K, 8 young (16384K), 1 survivors (2048K)
 Metaspace       used 23812K, committed 24000K, reserved 1114112K
  class space    used 2226K, committed 2304K, reserved 1048576K
}
Event: 1,632 GC heap after
{Heap after GC invocations=6 (full 0):
 garbage-first heap   total 53248K, used 18013K [0x0000000707c00000, 0x0000000800000000)
  region size 2048K, 1 young (2048K), 1 survivors (2048K)
 Metaspace       used 23812K, committed 24000K, reserved 1114112K
  class space    used 2226K, committed 2304K, reserved 1048576K
}
Event: 1,663 GC heap before
{Heap before GC invocations=6 (full 0):
 garbage-first heap   total 53248K, used 26205K [0x0000000707c00000, 0x0000000800000000)
  region size 2048K, 3 young (6144K), 1 survivors (2048K)
 Metaspace       used 23978K, committed 24256K, reserved 1114112K
  class space    used 2244K, committed 2368K, reserved 1048576K
}
Event: 1,664 GC heap after
{Heap after GC invocations=7 (full 0):
 garbage-first heap   total 155648K, used 22386K [0x0000000707c00000, 0x0000000800000000)
  region size 2048K, 2 young (4096K), 2 survivors (4096K)
 Metaspace       used 23978K, committed 24256K, reserved 1114112K
  class space    used 2244K, committed 2368K, reserved 1048576K
}
Event: 3,016 GC heap before
{Heap before GC invocations=7 (full 0):
 garbage-first heap   total 155648K, used 102258K [0x0000000707c00000, 0x0000000800000000)
  region size 2048K, 41 young (83968K), 2 survivors (4096K)
 Metaspace       used 26868K, committed 27072K, reserved 1114112K
  class space    used 2468K, committed 2560K, reserved 1048576K
}
Event: 3,028 GC heap after
{Heap after GC invocations=8 (full 0):
 garbage-first heap   total 155648K, used 30171K [0x0000000707c00000, 0x0000000800000000)
  region size 2048K, 6 young (12288K), 6 survivors (12288K)
 Metaspace       used 26868K, committed 27072K, reserved 1114112K
  class space    used 2468K, committed 2560K, reserved 1048576K
}
Event: 3,378 GC heap before
{Heap before GC invocations=8 (full 0):
 garbage-first heap   total 155648K, used 99803K [0x0000000707c00000, 0x0000000800000000)
  region size 2048K, 40 young (81920K), 6 survivors (12288K)
 Metaspace       used 28347K, committed 28544K, reserved 1114112K
  class space    used 2596K, committed 2688K, reserved 1048576K
}
Event: 3,387 GC heap after
{Heap after GC invocations=9 (full 0):
 garbage-first heap   total 155648K, used 36277K [0x0000000707c00000, 0x0000000800000000)
  region size 2048K, 4 young (8192K), 4 survivors (8192K)
 Metaspace       used 28347K, committed 28544K, reserved 1114112K
  class space    used 2596K, committed 2688K, reserved 1048576K
}
Event: 3,606 GC heap before
{Heap before GC invocations=9 (full 0):
 garbage-first heap   total 155648K, used 105909K [0x0000000707c00000, 0x0000000800000000)
  region size 2048K, 38 young (77824K), 4 survivors (8192K)
 Metaspace       used 28692K, committed 28928K, reserved 1114112K
  class space    used 2623K, committed 2752K, reserved 1048576K
}
Event: 3,610 GC heap after
{Heap after GC invocations=10 (full 0):
 garbage-first heap   total 155648K, used 37660K [0x0000000707c00000, 0x0000000800000000)
  region size 2048K, 1 young (2048K), 1 survivors (2048K)
 Metaspace       used 28692K, committed 28928K, reserved 1114112K
  class space    used 2623K, committed 2752K, reserved 1048576K
}
Event: 3,801 GC heap before
{Heap before GC invocations=10 (full 0):
 garbage-first heap   total 155648K, used 113436K [0x0000000707c00000, 0x0000000800000000)
  region size 2048K, 38 young (77824K), 1 survivors (2048K)
 Metaspace       used 28944K, committed 29248K, reserved 1114112K
  class space    used 2644K, committed 2816K, reserved 1048576K
}
Event: 3,803 GC heap after
{Heap after GC invocations=11 (full 0):
 garbage-first heap   total 155648K, used 37579K [0x0000000707c00000, 0x0000000800000000)
  region size 2048K, 1 young (2048K), 1 survivors (2048K)
 Metaspace       used 28944K, committed 29248K, reserved 1114112K
  class space    used 2644K, committed 2816K, reserved 1048576K
}
Event: 4,346 GC heap before
{Heap before GC invocations=11 (full 0):
 garbage-first heap   total 155648K, used 119499K [0x0000000707c00000, 0x0000000800000000)
  region size 2048K, 41 young (83968K), 1 survivors (2048K)
 Metaspace       used 29074K, committed 29376K, reserved 1114112K
  class space    used 2650K, committed 2816K, reserved 1048576K
}
Event: 4,349 GC heap after
{Heap after GC invocations=12 (full 0):
 garbage-first heap   total 192512K, used 38821K [0x0000000707c00000, 0x0000000800000000)
  region size 2048K, 2 young (4096K), 2 survivors (4096K)
 Metaspace       used 29074K, committed 29376K, reserved 1114112K
  class space    used 2650K, committed 2816K, reserved 1048576K
}
Event: 4,525 GC heap before
{Heap before GC invocations=12 (full 0):
 garbage-first heap   total 192512K, used 147365K [0x0000000707c00000, 0x0000000800000000)
  region size 2048K, 55 young (112640K), 2 survivors (4096K)
 Metaspace       used 29165K, committed 29504K, reserved 1114112K
  class space    used 2650K, committed 2816K, reserved 1048576K
}
Event: 4,527 GC heap after
{Heap after GC invocations=13 (full 0):
 garbage-first heap   total 192512K, used 38583K [0x0000000707c00000, 0x0000000800000000)
  region size 2048K, 2 young (4096K), 2 survivors (4096K)
 Metaspace       used 29165K, committed 29504K, reserved 1114112K
  class space    used 2650K, committed 2816K, reserved 1048576K
}
Event: 5,078 GC heap before
{Heap before GC invocations=13 (full 0):
 garbage-first heap   total 192512K, used 149175K [0x0000000707c00000, 0x0000000800000000)
  region size 2048K, 56 young (114688K), 2 survivors (4096K)
 Metaspace       used 29284K, committed 29568K, reserved 1114112K
  class space    used 2656K, committed 2816K, reserved 1048576K
}
Event: 5,082 GC heap after
{Heap after GC invocations=14 (full 0):
 garbage-first heap   total 192512K, used 38460K [0x0000000707c00000, 0x0000000800000000)
  region size 2048K, 2 young (4096K), 2 survivors (4096K)
 Metaspace       used 29284K, committed 29568K, reserved 1114112K
  class space    used 2656K, committed 2816K, reserved 1048576K
}
Event: 5,395 GC heap before
{Heap before GC invocations=14 (full 0):
 garbage-first heap   total 192512K, used 149052K [0x0000000707c00000, 0x0000000800000000)
  region size 2048K, 56 young (114688K), 2 survivors (4096K)
 Metaspace       used 29347K, committed 29632K, reserved 1114112K
  class space    used 2656K, committed 2816K, reserved 1048576K
}
Event: 5,397 GC heap after
{Heap after GC invocations=15 (full 0):
 garbage-first heap   total 192512K, used 37963K [0x0000000707c00000, 0x0000000800000000)
  region size 2048K, 2 young (4096K), 2 survivors (4096K)
 Metaspace       used 29347K, committed 29632K, reserved 1114112K
  class space    used 2656K, committed 2816K, reserved 1048576K
}

